<?xml version="1.0" encoding="UTF-8"?>
<testsuite name="SerializationTest" tests="1" skipped="0" failures="0" errors="0" timestamp="2020-12-03T22:21:36" hostname="octo-clem" time="0.168">
  <properties/>
  <testcase name="testObject()" classname="SerializationTest" time="0.168"/>
  <system-out><![CDATA[29
17
]]></system-out>
  <system-err><![CDATA[]]></system-err>
</testsuite>
